TN:
SF:C:\Users\USER3\Desktop\wayfarer\app\index.js
FN:23,(anonymous_1)
FN:30,(anonymous_2)
FN:39,(anonymous_3)
FNF:3
FNH:0
FNDA:0,(anonymous_1)
FNDA:0,(anonymous_2)
FNDA:0,(anonymous_3)
DA:1,1
DA:3,1
DA:4,1
DA:7,1
DA:10,1
DA:12,1
DA:14,1
DA:16,1
DA:17,1
DA:20,1
DA:23,1
DA:24,0
DA:25,0
DA:26,0
DA:30,1
DA:32,0
DA:33,0
DA:34,0
DA:35,0
DA:39,1
DA:40,0
DA:44,1
LF:22
LH:14
BRDA:33,0,0,0
BRDA:33,0,1,0
BRDA:35,1,0,0
BRDA:35,1,1,0
BRF:4
BRH:0
end_of_record
TN:
SF:C:\Users\USER3\Desktop\wayfarer\app\routes.js
FN:3,(anonymous_0)
FNF:1
FNH:1
FNDA:1,(anonymous_0)
DA:3,1
DA:5,1
DA:7,1
DA:9,1
DA:11,1
LF:5
LH:5
BRF:0
BRH:0
end_of_record
TN:
SF:C:\Users\USER3\Desktop\wayfarer\app\config\db.js
FN:15,(anonymous_0)
FN:15,(anonymous_1)
FNF:2
FNH:1
FNDA:1,(anonymous_0)
FNDA:0,(anonymous_1)
DA:3,1
DA:4,1
DA:6,1
DA:15,1
DA:16,0
DA:20,1
LF:6
LH:5
BRF:0
BRH:0
end_of_record
TN:
SF:C:\Users\USER3\Desktop\wayfarer\app\controllers\bookings.js
FN:12,(anonymous_0)
FN:17,busIsFilled
FN:19,(anonymous_2)
FN:32,(anonymous_3)
FN:38,incrementNumberBooked
FN:39,(anonymous_5)
FN:40,(anonymous_6)
FN:45,userHasPreviousBooking
FN:46,(anonymous_8)
FN:51,(anonymous_9)
FN:57,(anonymous_10)
FN:66,(anonymous_11)
FN:72,(anonymous_12)
FN:79,(anonymous_13)
FN:84,(anonymous_14)
FN:86,(anonymous_15)
FN:91,(anonymous_16)
FN:95,(anonymous_17)
FN:97,(anonymous_18)
FN:103,(anonymous_19)
FN:113,(anonymous_20)
FN:120,(anonymous_21)
FN:122,(anonymous_22)
FN:130,(anonymous_23)
FN:132,(anonymous_24)
FN:137,(anonymous_25)
FN:143,(anonymous_26)
FN:149,(anonymous_27)
FN:153,(anonymous_28)
FN:158,(anonymous_29)
FNF:30
FNH:18
FNDA:3,(anonymous_0)
FNDA:2,busIsFilled
FNDA:2,(anonymous_2)
FNDA:0,(anonymous_3)
FNDA:2,incrementNumberBooked
FNDA:2,(anonymous_5)
FNDA:0,(anonymous_6)
FNDA:2,userHasPreviousBooking
FNDA:2,(anonymous_8)
FNDA:0,(anonymous_9)
FNDA:3,(anonymous_10)
FNDA:2,(anonymous_11)
FNDA:2,(anonymous_12)
FNDA:2,(anonymous_13)
FNDA:1,(anonymous_14)
FNDA:0,(anonymous_15)
FNDA:0,(anonymous_16)
FNDA:1,(anonymous_17)
FNDA:0,(anonymous_18)
FNDA:1,(anonymous_19)
FNDA:1,(anonymous_20)
FNDA:1,(anonymous_21)
FNDA:0,(anonymous_22)
FNDA:0,(anonymous_23)
FNDA:0,(anonymous_24)
FNDA:0,(anonymous_25)
FNDA:2,(anonymous_26)
FNDA:2,(anonymous_27)
FNDA:0,(anonymous_28)
FNDA:0,(anonymous_29)
DA:1,1
DA:2,1
DA:4,1
DA:5,1
DA:6,1
DA:7,1
DA:9,1
DA:12,1
DA:13,3
DA:14,3
DA:15,3
DA:17,3
DA:18,2
DA:19,2
DA:20,2
DA:21,2
DA:22,0
DA:23,0
DA:24,0
DA:26,0
DA:29,2
DA:31,2
DA:33,0
DA:34,0
DA:38,3
DA:39,2
DA:41,0
DA:45,3
DA:46,2
DA:47,2
DA:48,1
DA:50,1
DA:52,0
DA:53,0
DA:56,3
DA:58,3
DA:59,1
DA:61,3
DA:62,2
DA:63,2
DA:64,2
DA:65,2
DA:66,2
DA:67,2
DA:68,0
DA:71,2
DA:72,2
DA:73,2
DA:74,1
DA:78,2
DA:80,2
DA:81,2
DA:82,2
DA:83,2
DA:85,1
DA:87,0
DA:88,0
DA:92,0
DA:93,0
DA:96,1
DA:98,0
DA:99,0
DA:103,1
DA:105,1
DA:107,1
DA:108,1
DA:110,1
DA:112,1
DA:114,1
DA:115,0
DA:116,0
DA:118,1
DA:119,1
DA:121,1
DA:123,0
DA:126,0
DA:129,0
DA:131,0
DA:133,0
DA:134,0
DA:138,0
DA:139,0
DA:143,1
DA:145,2
DA:146,2
DA:147,2
DA:148,2
DA:150,2
DA:151,2
DA:153,0
DA:154,0
DA:156,0
DA:159,0
DA:160,0
DA:164,1
LF:95
LH:64
BRDA:21,0,0,0
BRDA:21,0,1,2
BRDA:23,1,0,0
BRDA:23,1,1,0
BRDA:47,2,0,1
BRDA:47,2,1,1
BRDA:58,3,0,1
BRDA:58,3,1,2
BRDA:67,4,0,0
BRDA:67,4,1,2
BRDA:73,5,0,1
BRDA:73,5,1,1
BRDA:114,6,0,0
BRDA:114,6,1,1
BRDA:118,7,0,1
BRDA:118,7,1,0
BRDA:150,8,0,2
BRDA:150,8,1,0
BRF:18
BRH:11
end_of_record
TN:
SF:C:\Users\USER3\Desktop\wayfarer\app\controllers\bus.js
FN:10,(anonymous_0)
FN:23,(anonymous_1)
FN:25,(anonymous_2)
FNF:3
FNH:0
FNDA:0,(anonymous_0)
FNDA:0,(anonymous_1)
FNDA:0,(anonymous_2)
DA:1,1
DA:3,1
DA:4,1
DA:5,1
DA:6,1
DA:7,1
DA:8,1
DA:10,1
DA:13,0
DA:14,0
DA:15,0
DA:16,0
DA:17,0
DA:19,0
DA:23,0
DA:24,0
DA:26,0
DA:27,0
DA:30,1
LF:19
LH:9
BRDA:16,0,0,0
BRDA:16,0,1,0
BRF:2
BRH:0
end_of_record
TN:
SF:C:\Users\USER3\Desktop\wayfarer\app\controllers\trips.js
FN:11,(anonymous_0)
FN:32,(anonymous_1)
FN:36,(anonymous_2)
FN:40,(anonymous_3)
FN:42,(anonymous_4)
FN:44,(anonymous_5)
FN:49,(anonymous_6)
FN:57,(anonymous_7)
FN:61,(anonymous_8)
FN:63,(anonymous_9)
FN:68,(anonymous_10)
FNF:11
FNH:7
FNDA:1,(anonymous_0)
FNDA:1,(anonymous_1)
FNDA:0,(anonymous_2)
FNDA:1,(anonymous_3)
FNDA:1,(anonymous_4)
FNDA:0,(anonymous_5)
FNDA:2,(anonymous_6)
FNDA:2,(anonymous_7)
FNDA:1,(anonymous_8)
FNDA:0,(anonymous_9)
FNDA:0,(anonymous_10)
DA:1,1
DA:2,1
DA:4,1
DA:5,1
DA:6,1
DA:7,1
DA:9,1
DA:11,1
DA:19,1
DA:20,1
DA:21,1
DA:22,0
DA:25,1
DA:27,1
DA:32,1
DA:33,1
DA:34,1
DA:35,1
DA:37,0
DA:38,0
DA:42,1
DA:43,1
DA:45,0
DA:46,0
DA:47,0
DA:51,2
DA:52,2
DA:53,2
DA:54,0
DA:57,2
DA:58,2
DA:59,1
DA:61,1
DA:62,1
DA:64,0
DA:65,0
DA:69,0
DA:71,0
DA:75,1
LF:39
LH:28
BRDA:21,0,0,0
BRDA:21,0,1,1
BRDA:53,1,0,0
BRDA:53,1,1,2
BRDA:58,2,0,1
BRDA:58,2,1,1
BRF:6
BRH:4
end_of_record
TN:
SF:C:\Users\USER3\Desktop\wayfarer\app\controllers\user.js
FN:33,(anonymous_0)
FN:48,(anonymous_1)
FN:53,(anonymous_2)
FN:57,(anonymous_3)
FN:67,(anonymous_4)
FN:82,(anonymous_5)
FN:89,(anonymous_6)
FN:95,(anonymous_7)
FN:103,(anonymous_8)
FN:114,(anonymous_9)
FN:120,(anonymous_10)
FN:135,(anonymous_11)
FN:140,(anonymous_12)
FN:148,(anonymous_13)
FN:150,(anonymous_14)
FN:156,(anonymous_15)
FN:162,(anonymous_16)
FNF:17
FNH:12
FNDA:7,(anonymous_0)
FNDA:6,(anonymous_1)
FNDA:5,(anonymous_2)
FNDA:5,(anonymous_3)
FNDA:4,(anonymous_4)
FNDA:0,(anonymous_5)
FNDA:0,(anonymous_6)
FNDA:0,(anonymous_7)
FNDA:5,(anonymous_8)
FNDA:4,(anonymous_9)
FNDA:2,(anonymous_10)
FNDA:1,(anonymous_11)
FNDA:2,(anonymous_12)
FNDA:1,(anonymous_13)
FNDA:1,(anonymous_14)
FNDA:0,(anonymous_15)
FNDA:0,(anonymous_16)
DA:3,1
DA:5,1
DA:6,1
DA:9,1
DA:11,1
DA:12,1
DA:13,1
DA:16,1
DA:17,1
DA:18,1
DA:19,1
DA:20,1
DA:21,1
DA:24,1
DA:33,6
DA:34,7
DA:35,7
DA:36,1
DA:44,6
DA:45,6
DA:46,6
DA:48,6
DA:49,6
DA:50,1
DA:53,5
DA:54,5
DA:55,3
DA:57,5
DA:58,5
DA:59,1
DA:61,4
DA:62,4
DA:66,4
DA:68,4
DA:73,4
DA:74,4
DA:80,4
DA:81,4
DA:83,0
DA:84,0
DA:90,0
DA:91,0
DA:96,0
DA:103,4
DA:104,5
DA:105,5
DA:106,1
DA:111,4
DA:112,4
DA:114,4
DA:115,4
DA:116,1
DA:117,1
DA:120,4
DA:121,2
DA:126,2
DA:127,2
DA:128,2
DA:134,2
DA:136,1
DA:137,1
DA:142,2
DA:143,2
DA:144,2
DA:147,2
DA:148,1
DA:149,1
DA:150,1
DA:151,1
DA:152,1
DA:154,0
DA:157,0
DA:160,0
DA:163,0
DA:166,1
DA:170,1
LF:76
LH:67
BRDA:35,0,0,1
BRDA:35,0,1,6
BRDA:49,1,0,1
BRDA:49,1,1,5
BRDA:54,2,0,3
BRDA:54,2,1,2
BRDA:57,3,0,4
BRDA:57,3,1,1
BRDA:58,4,0,1
BRDA:58,4,1,4
BRDA:105,5,0,1
BRDA:105,5,1,4
BRDA:115,6,0,1
BRDA:115,6,1,3
BRDA:120,7,0,3
BRDA:120,7,1,1
BRDA:147,8,0,1
BRDA:147,8,1,1
BRDA:149,9,0,1
BRDA:149,9,1,0
BRDA:151,10,0,1
BRDA:151,10,1,0
BRF:22
BRH:20
end_of_record
TN:
SF:C:\Users\USER3\Desktop\wayfarer\app\helpers\response.js
FN:1,success
FN:7,error
FNF:2
FNH:2
FNDA:15,success
FNDA:12,error
DA:1,15
DA:7,12
DA:12,1
LF:3
LH:3
BRF:0
BRH:0
end_of_record
TN:
SF:C:\Users\USER3\Desktop\wayfarer\app\helpers\utils.js
FN:3,randomString
FNF:1
FNH:1
FNDA:13,randomString
DA:1,1
DA:3,1
DA:5,7
DA:6,7
DA:7,7
DA:8,1400
DA:10,7
DA:13,6
DA:19,6
LF:9
LH:9
BRF:0
BRH:0
end_of_record
TN:
SF:C:\Users\USER3\Desktop\wayfarer\app\middlewares\auth_check.js
FN:5,(anonymous_4)
FNF:1
FNH:1
FNDA:13,(anonymous_4)
DA:1,1
DA:3,1
DA:5,1
DA:7,13
DA:9,0
DA:10,13
DA:12,0
DA:13,13
DA:15,12
DA:18,13
DA:19,13
DA:21,11
DA:22,11
DA:23,11
DA:24,11
DA:25,11
DA:27,2
DA:30,11
LF:18
LH:16
BRDA:7,0,0,0
BRDA:7,0,1,13
BRDA:10,1,0,0
BRDA:10,1,1,13
BRDA:13,2,0,12
BRDA:13,2,1,1
BRF:6
BRH:4
end_of_record
TN:
SF:C:\Users\USER3\Desktop\wayfarer\test\bookings.test.js
FN:24,(anonymous_0)
FN:25,(anonymous_1)
FN:30,(anonymous_2)
FNF:3
FNH:3
FNDA:1,(anonymous_0)
FNDA:1,(anonymous_1)
FNDA:1,(anonymous_2)
DA:1,1
DA:2,1
DA:3,1
DA:5,1
DA:8,1
DA:24,1
DA:25,1
DA:26,1
DA:31,1
DA:32,1
DA:33,1
DA:34,1
LF:12
LH:12
BRF:0
BRH:0
end_of_record
TN:
SF:C:\Users\USER3\Desktop\wayfarer\test\fail.test.js
FN:20,(anonymous_0)
FN:21,(anonymous_1)
FN:22,(anonymous_2)
FN:23,(anonymous_3)
FN:24,(anonymous_4)
FN:26,(anonymous_5)
FN:29,(anonymous_6)
FN:32,(anonymous_7)
FN:36,(anonymous_8)
FN:43,(anonymous_9)
FN:50,(anonymous_10)
FN:57,(anonymous_11)
FN:63,(anonymous_12)
FN:68,(anonymous_13)
FN:78,(anonymous_14)
FN:83,(anonymous_15)
FN:89,(anonymous_16)
FN:94,(anonymous_17)
FNF:18
FNH:15
FNDA:1,(anonymous_0)
FNDA:1,(anonymous_1)
FNDA:1,(anonymous_2)
FNDA:1,(anonymous_3)
FNDA:1,(anonymous_4)
FNDA:0,(anonymous_5)
FNDA:0,(anonymous_6)
FNDA:0,(anonymous_7)
FNDA:1,(anonymous_8)
FNDA:1,(anonymous_9)
FNDA:1,(anonymous_10)
FNDA:1,(anonymous_11)
FNDA:1,(anonymous_12)
FNDA:1,(anonymous_13)
FNDA:1,(anonymous_14)
FNDA:1,(anonymous_15)
FNDA:1,(anonymous_16)
FNDA:1,(anonymous_17)
DA:1,1
DA:2,1
DA:5,1
DA:7,1
DA:8,1
DA:9,1
DA:11,1
DA:12,1
DA:13,1
DA:14,1
DA:15,1
DA:20,1
DA:21,1
DA:22,1
DA:23,1
DA:24,1
DA:25,1
DA:27,0
DA:30,0
DA:33,0
DA:36,1
DA:37,1
DA:44,1
DA:45,1
DA:46,1
DA:50,1
DA:51,1
DA:58,1
DA:59,1
DA:63,1
DA:64,1
DA:69,1
DA:70,1
DA:71,1
DA:72,1
DA:73,1
DA:74,1
DA:78,1
DA:79,1
DA:84,1
DA:85,1
DA:86,1
DA:89,1
DA:90,1
DA:95,1
DA:96,1
DA:97,1
LF:47
LH:44
BRF:0
BRH:0
end_of_record
TN:
SF:C:\Users\USER3\Desktop\wayfarer\test\jwt.test.js
FNF:0
FNH:0
DA:2,1
DA:3,1
DA:10,1
LF:3
LH:3
BRF:0
BRH:0
end_of_record
TN:
SF:C:\Users\USER3\Desktop\wayfarer\test\test.js
FN:25,(anonymous_0)
FN:26,(anonymous_1)
FN:32,(anonymous_2)
FN:33,(anonymous_3)
FN:34,(anonymous_4)
FN:35,(anonymous_5)
FN:36,(anonymous_6)
FN:37,(anonymous_7)
FN:39,(anonymous_8)
FN:42,(anonymous_9)
FN:45,(anonymous_10)
FN:49,(anonymous_11)
FN:56,(anonymous_12)
FN:62,(anonymous_13)
FN:69,(anonymous_14)
FN:78,(anonymous_15)
FN:85,(anonymous_16)
FN:92,(anonymous_17)
FN:99,(anonymous_18)
FN:106,(anonymous_19)
FN:113,(anonymous_20)
FN:118,(anonymous_21)
FN:125,(anonymous_22)
FN:132,(anonymous_23)
FN:139,(anonymous_24)
FN:146,(anonymous_25)
FN:153,(anonymous_26)
FN:162,(anonymous_27)
FN:163,(anonymous_28)
FN:167,(anonymous_29)
FN:176,(anonymous_30)
FN:177,(anonymous_31)
FN:182,(anonymous_32)
FN:191,(anonymous_33)
FN:196,(anonymous_34)
FN:202,(anonymous_35)
FN:203,(anonymous_36)
FN:214,(anonymous_37)
FN:221,(anonymous_38)
FN:226,(anonymous_39)
FN:234,(anonymous_40)
FN:240,(anonymous_41)
FN:247,(anonymous_42)
FN:253,(anonymous_43)
FN:262,(anonymous_44)
FN:267,(anonymous_45)
FN:273,(anonymous_46)
FN:278,(anonymous_47)
FN:284,(anonymous_48)
FN:290,(anonymous_49)
FN:296,(anonymous_50)
FN:301,(anonymous_51)
FN:308,(anonymous_52)
FN:309,(anonymous_53)
FN:313,(anonymous_54)
FNF:55
FNH:52
FNDA:1,(anonymous_0)
FNDA:1,(anonymous_1)
FNDA:1,(anonymous_2)
FNDA:1,(anonymous_3)
FNDA:1,(anonymous_4)
FNDA:1,(anonymous_5)
FNDA:1,(anonymous_6)
FNDA:1,(anonymous_7)
FNDA:0,(anonymous_8)
FNDA:0,(anonymous_9)
FNDA:0,(anonymous_10)
FNDA:1,(anonymous_11)
FNDA:1,(anonymous_12)
FNDA:1,(anonymous_13)
FNDA:1,(anonymous_14)
FNDA:1,(anonymous_15)
FNDA:1,(anonymous_16)
FNDA:1,(anonymous_17)
FNDA:1,(anonymous_18)
FNDA:1,(anonymous_19)
FNDA:1,(anonymous_20)
FNDA:1,(anonymous_21)
FNDA:1,(anonymous_22)
FNDA:1,(anonymous_23)
FNDA:1,(anonymous_24)
FNDA:1,(anonymous_25)
FNDA:1,(anonymous_26)
FNDA:1,(anonymous_27)
FNDA:1,(anonymous_28)
FNDA:1,(anonymous_29)
FNDA:1,(anonymous_30)
FNDA:1,(anonymous_31)
FNDA:1,(anonymous_32)
FNDA:1,(anonymous_33)
FNDA:1,(anonymous_34)
FNDA:1,(anonymous_35)
FNDA:1,(anonymous_36)
FNDA:1,(anonymous_37)
FNDA:1,(anonymous_38)
FNDA:1,(anonymous_39)
FNDA:1,(anonymous_40)
FNDA:1,(anonymous_41)
FNDA:1,(anonymous_42)
FNDA:1,(anonymous_43)
FNDA:1,(anonymous_44)
FNDA:1,(anonymous_45)
FNDA:1,(anonymous_46)
FNDA:1,(anonymous_47)
FNDA:1,(anonymous_48)
FNDA:1,(anonymous_49)
FNDA:1,(anonymous_50)
FNDA:1,(anonymous_51)
FNDA:1,(anonymous_52)
FNDA:1,(anonymous_53)
FNDA:1,(anonymous_54)
DA:2,1
DA:3,1
DA:4,1
DA:6,1
DA:8,1
DA:9,1
DA:10,1
DA:12,1
DA:13,1
DA:14,1
DA:15,1
DA:16,1
DA:17,1
DA:25,1
DA:26,1
DA:27,1
DA:32,1
DA:33,1
DA:34,1
DA:35,1
DA:36,1
DA:37,1
DA:38,1
DA:40,0
DA:43,0
DA:46,0
DA:49,1
DA:50,1
DA:57,1
DA:58,1
DA:59,1
DA:62,1
DA:63,1
DA:70,1
DA:71,1
DA:72,1
DA:73,1
DA:78,1
DA:79,1
DA:86,1
DA:87,1
DA:88,1
DA:89,1
DA:92,1
DA:93,1
DA:100,1
DA:101,1
DA:102,1
DA:103,1
DA:106,1
DA:107,1
DA:114,1
DA:115,1
DA:118,1
DA:119,1
DA:126,1
DA:127,1
DA:128,1
DA:129,1
DA:132,1
DA:133,1
DA:140,1
DA:141,1
DA:142,1
DA:143,1
DA:146,1
DA:147,1
DA:154,1
DA:155,1
DA:156,1
DA:157,1
DA:162,1
DA:163,1
DA:164,1
DA:168,1
DA:169,1
DA:170,1
DA:171,1
DA:176,1
DA:177,1
DA:178,1
DA:183,1
DA:184,1
DA:185,1
DA:186,1
DA:187,1
DA:191,1
DA:192,1
DA:197,1
DA:198,1
DA:202,1
DA:203,1
DA:204,1
DA:215,1
DA:216,1
DA:217,1
DA:218,1
DA:221,1
DA:222,1
DA:227,1
DA:228,1
DA:229,1
DA:230,1
DA:234,1
DA:235,1
DA:241,1
DA:242,1
DA:243,1
DA:247,1
DA:248,1
DA:254,1
DA:255,1
DA:256,1
DA:257,1
DA:262,1
DA:263,1
DA:268,1
DA:269,1
DA:273,1
DA:274,1
DA:279,1
DA:280,1
DA:284,1
DA:285,1
DA:291,1
DA:292,1
DA:296,1
DA:297,1
DA:302,1
DA:303,1
DA:308,1
DA:309,1
DA:310,1
DA:314,1
DA:315,1
LF:135
LH:132
BRF:0
BRH:0
end_of_record
