TN:
SF:C:\Users\USER3\Desktop\wayfarer\app\index.js
FN:23,(anonymous_1)
FN:30,(anonymous_2)
FN:39,(anonymous_3)
FNF:3
FNH:0
FNDA:0,(anonymous_1)
FNDA:0,(anonymous_2)
FNDA:0,(anonymous_3)
DA:1,1
DA:3,1
DA:4,1
DA:7,1
DA:10,1
DA:12,1
DA:14,1
DA:16,1
DA:17,1
DA:20,1
DA:23,1
DA:24,0
DA:25,0
DA:26,0
DA:30,1
DA:32,0
DA:33,0
DA:34,0
DA:35,0
DA:39,1
DA:40,0
DA:44,1
LF:22
LH:14
BRDA:33,0,0,0
BRDA:33,0,1,0
BRDA:35,1,0,0
BRDA:35,1,1,0
BRF:4
BRH:0
end_of_record
TN:
SF:C:\Users\USER3\Desktop\wayfarer\app\routes.js
FN:3,(anonymous_0)
FNF:1
FNH:1
FNDA:1,(anonymous_0)
DA:3,1
DA:5,1
DA:7,1
DA:9,1
DA:11,1
LF:5
LH:5
BRF:0
BRH:0
end_of_record
TN:
SF:C:\Users\USER3\Desktop\wayfarer\app\config\db.js
FN:15,(anonymous_0)
FN:15,(anonymous_1)
FNF:2
FNH:1
FNDA:1,(anonymous_0)
FNDA:0,(anonymous_1)
DA:3,1
DA:4,1
DA:6,1
DA:15,1
DA:16,0
DA:20,1
LF:6
LH:5
BRF:0
BRH:0
end_of_record
TN:
SF:C:\Users\USER3\Desktop\wayfarer\app\controllers\bookings.js
FN:12,(anonymous_0)
FN:17,busIsFilled
FN:19,(anonymous_2)
FN:32,(anonymous_3)
FN:38,incrementNumberBooked
FN:39,(anonymous_5)
FN:40,(anonymous_6)
FN:45,userHasPreviousBooking
FN:46,(anonymous_8)
FN:51,(anonymous_9)
FN:57,(anonymous_10)
FN:66,(anonymous_11)
FN:72,(anonymous_12)
FN:79,(anonymous_13)
FN:82,(anonymous_14)
FN:84,(anonymous_15)
FN:89,(anonymous_16)
FN:93,(anonymous_17)
FN:95,(anonymous_18)
FN:101,(anonymous_19)
FN:111,(anonymous_20)
FN:118,(anonymous_21)
FN:120,(anonymous_22)
FN:128,(anonymous_23)
FN:130,(anonymous_24)
FN:135,(anonymous_25)
FN:141,(anonymous_26)
FN:147,(anonymous_27)
FN:151,(anonymous_28)
FN:156,(anonymous_29)
FNF:30
FNH:18
FNDA:3,(anonymous_0)
FNDA:2,busIsFilled
FNDA:2,(anonymous_2)
FNDA:0,(anonymous_3)
FNDA:2,incrementNumberBooked
FNDA:2,(anonymous_5)
FNDA:0,(anonymous_6)
FNDA:2,userHasPreviousBooking
FNDA:2,(anonymous_8)
FNDA:0,(anonymous_9)
FNDA:3,(anonymous_10)
FNDA:2,(anonymous_11)
FNDA:2,(anonymous_12)
FNDA:2,(anonymous_13)
FNDA:1,(anonymous_14)
FNDA:0,(anonymous_15)
FNDA:0,(anonymous_16)
FNDA:1,(anonymous_17)
FNDA:0,(anonymous_18)
FNDA:1,(anonymous_19)
FNDA:1,(anonymous_20)
FNDA:1,(anonymous_21)
FNDA:0,(anonymous_22)
FNDA:0,(anonymous_23)
FNDA:0,(anonymous_24)
FNDA:0,(anonymous_25)
FNDA:2,(anonymous_26)
FNDA:2,(anonymous_27)
FNDA:0,(anonymous_28)
FNDA:0,(anonymous_29)
DA:1,1
DA:2,1
DA:4,1
DA:5,1
DA:6,1
DA:7,1
DA:9,1
DA:12,1
DA:13,3
DA:14,3
DA:15,3
DA:17,3
DA:18,2
DA:19,2
DA:20,2
DA:21,2
DA:22,2
DA:23,2
DA:24,0
DA:26,2
DA:29,0
DA:31,2
DA:33,0
DA:34,0
DA:38,3
DA:39,2
DA:41,0
DA:45,3
DA:46,2
DA:47,2
DA:48,1
DA:50,1
DA:52,0
DA:53,0
DA:56,3
DA:58,3
DA:59,1
DA:61,3
DA:62,2
DA:63,2
DA:64,2
DA:65,2
DA:66,2
DA:67,2
DA:68,0
DA:71,2
DA:72,2
DA:73,2
DA:74,1
DA:78,2
DA:80,2
DA:81,2
DA:83,1
DA:85,0
DA:86,0
DA:90,0
DA:91,0
DA:94,1
DA:96,0
DA:97,0
DA:101,1
DA:103,1
DA:105,1
DA:106,1
DA:108,1
DA:110,1
DA:112,1
DA:113,0
DA:114,0
DA:116,1
DA:117,1
DA:119,1
DA:121,0
DA:124,0
DA:127,0
DA:129,0
DA:131,0
DA:132,0
DA:136,0
DA:137,0
DA:141,1
DA:143,2
DA:144,2
DA:145,2
DA:146,2
DA:148,2
DA:149,2
DA:151,0
DA:152,0
DA:154,0
DA:157,0
DA:158,0
DA:162,1
LF:93
LH:64
BRDA:21,0,0,2
BRDA:21,0,1,0
BRDA:23,1,0,0
BRDA:23,1,1,2
BRDA:47,2,0,1
BRDA:47,2,1,1
BRDA:58,3,0,1
BRDA:58,3,1,2
BRDA:67,4,0,0
BRDA:67,4,1,2
BRDA:73,5,0,1
BRDA:73,5,1,1
BRDA:112,6,0,0
BRDA:112,6,1,1
BRDA:116,7,0,1
BRDA:116,7,1,0
BRDA:148,8,0,2
BRDA:148,8,1,0
BRF:18
BRH:12
end_of_record
TN:
SF:C:\Users\USER3\Desktop\wayfarer\app\controllers\bus.js
FN:10,(anonymous_0)
FN:23,(anonymous_1)
FN:25,(anonymous_2)
FNF:3
FNH:3
FNDA:2,(anonymous_0)
FNDA:1,(anonymous_1)
FNDA:1,(anonymous_2)
DA:1,1
DA:3,1
DA:4,1
DA:5,1
DA:6,1
DA:7,1
DA:8,1
DA:10,2
DA:13,2
DA:14,2
DA:15,2
DA:16,2
DA:17,0
DA:19,2
DA:23,2
DA:24,1
DA:26,1
DA:27,1
DA:30,1
LF:19
LH:18
BRDA:16,0,0,0
BRDA:16,0,1,2
BRF:2
BRH:1
end_of_record
TN:
SF:C:\Users\USER3\Desktop\wayfarer\app\controllers\trips.js
FN:11,(anonymous_0)
FN:31,(anonymous_1)
FN:42,(anonymous_2)
FN:43,(anonymous_3)
FN:45,(anonymous_4)
FN:50,(anonymous_5)
FN:56,(anonymous_6)
FN:61,(anonymous_7)
FN:63,(anonymous_8)
FN:65,(anonymous_9)
FN:70,(anonymous_10)
FN:78,(anonymous_11)
FN:82,(anonymous_12)
FN:84,(anonymous_13)
FN:89,(anonymous_14)
FNF:15
FNH:9
FNDA:2,(anonymous_0)
FNDA:2,(anonymous_1)
FNDA:1,(anonymous_2)
FNDA:1,(anonymous_3)
FNDA:0,(anonymous_4)
FNDA:0,(anonymous_5)
FNDA:0,(anonymous_6)
FNDA:1,(anonymous_7)
FNDA:1,(anonymous_8)
FNDA:0,(anonymous_9)
FNDA:2,(anonymous_10)
FNDA:2,(anonymous_11)
FNDA:1,(anonymous_12)
FNDA:0,(anonymous_13)
FNDA:0,(anonymous_14)
DA:1,1
DA:2,1
DA:4,1
DA:5,1
DA:6,1
DA:7,1
DA:9,1
DA:11,2
DA:21,2
DA:22,2
DA:23,2
DA:25,2
DA:26,0
DA:29,2
DA:31,2
DA:32,2
DA:33,1
DA:34,1
DA:35,0
DA:37,1
DA:42,1
DA:43,1
DA:44,1
DA:46,0
DA:48,0
DA:51,0
DA:53,0
DA:57,0
DA:59,0
DA:63,1
DA:64,1
DA:66,0
DA:68,0
DA:72,2
DA:73,2
DA:74,2
DA:75,0
DA:78,2
DA:79,2
DA:80,1
DA:82,1
DA:83,1
DA:85,0
DA:86,0
DA:90,0
DA:92,0
DA:96,1
LF:47
LH:32
BRDA:25,0,0,0
BRDA:25,0,1,2
BRDA:32,1,0,1
BRDA:32,1,1,1
BRDA:34,2,0,0
BRDA:34,2,1,1
BRDA:74,3,0,0
BRDA:74,3,1,2
BRDA:79,4,0,1
BRDA:79,4,1,1
BRF:10
BRH:7
end_of_record
TN:
SF:C:\Users\USER3\Desktop\wayfarer\app\controllers\user.js
FN:33,(anonymous_0)
FN:48,(anonymous_1)
FN:53,(anonymous_2)
FN:57,(anonymous_3)
FN:67,(anonymous_4)
FN:80,(anonymous_5)
FN:87,(anonymous_6)
FN:93,(anonymous_7)
FN:101,(anonymous_8)
FN:112,(anonymous_9)
FN:117,(anonymous_10)
FN:139,(anonymous_11)
FN:147,(anonymous_12)
FN:149,(anonymous_13)
FN:155,(anonymous_14)
FN:161,(anonymous_15)
FNF:16
FNH:11
FNDA:7,(anonymous_0)
FNDA:6,(anonymous_1)
FNDA:5,(anonymous_2)
FNDA:5,(anonymous_3)
FNDA:4,(anonymous_4)
FNDA:0,(anonymous_5)
FNDA:0,(anonymous_6)
FNDA:0,(anonymous_7)
FNDA:5,(anonymous_8)
FNDA:4,(anonymous_9)
FNDA:3,(anonymous_10)
FNDA:2,(anonymous_11)
FNDA:1,(anonymous_12)
FNDA:1,(anonymous_13)
FNDA:0,(anonymous_14)
FNDA:0,(anonymous_15)
DA:3,1
DA:5,1
DA:6,1
DA:9,1
DA:11,1
DA:12,1
DA:13,1
DA:16,1
DA:17,1
DA:18,1
DA:19,1
DA:20,1
DA:21,1
DA:24,1
DA:33,6
DA:34,7
DA:35,7
DA:36,1
DA:38,6
DA:44,6
DA:45,6
DA:46,6
DA:48,6
DA:49,6
DA:50,1
DA:53,5
DA:54,5
DA:55,3
DA:57,5
DA:58,5
DA:59,1
DA:61,4
DA:62,4
DA:66,4
DA:68,4
DA:73,4
DA:74,4
DA:79,4
DA:81,0
DA:82,0
DA:86,5
DA:88,0
DA:89,0
DA:94,0
DA:101,4
DA:102,5
DA:103,5
DA:104,1
DA:109,4
DA:110,4
DA:112,4
DA:113,4
DA:114,1
DA:117,4
DA:119,3
DA:120,1
DA:122,3
DA:123,2
DA:128,2
DA:129,2
DA:130,2
DA:135,2
DA:141,2
DA:142,2
DA:143,2
DA:145,2
DA:146,2
DA:147,1
DA:148,1
DA:149,1
DA:150,1
DA:151,1
DA:153,0
DA:156,0
DA:159,0
DA:162,0
DA:165,1
DA:169,1
LF:78
LH:69
BRDA:35,0,0,1
BRDA:35,0,1,6
BRDA:49,1,0,1
BRDA:49,1,1,5
BRDA:54,2,0,3
BRDA:54,2,1,2
BRDA:58,3,0,1
BRDA:58,3,1,4
BRDA:103,4,0,1
BRDA:103,4,1,4
BRDA:113,5,0,1
BRDA:113,5,1,3
BRDA:119,6,0,1
BRDA:119,6,1,2
BRDA:122,7,0,2
BRDA:122,7,1,1
BRDA:146,8,0,1
BRDA:146,8,1,1
BRDA:148,9,0,1
BRDA:148,9,1,0
BRDA:150,10,0,1
BRDA:150,10,1,0
BRF:22
BRH:20
end_of_record
TN:
SF:C:\Users\USER3\Desktop\wayfarer\app\helpers\response.js
FN:1,success
FN:7,error
FNF:2
FNH:2
FNDA:16,success
FNDA:14,error
DA:1,16
DA:7,14
DA:12,1
LF:3
LH:3
BRF:0
BRH:0
end_of_record
TN:
SF:C:\Users\USER3\Desktop\wayfarer\app\helpers\utils.js
FN:3,randomString
FNF:1
FNH:1
FNDA:18,randomString
DA:1,1
DA:3,1
DA:5,12
DA:6,12
DA:7,12
DA:8,2400
DA:10,12
DA:13,6
DA:19,6
LF:9
LH:9
BRF:0
BRH:0
end_of_record
TN:
SF:C:\Users\USER3\Desktop\wayfarer\app\middlewares\auth_check.js
FN:5,(anonymous_4)
FNF:1
FNH:1
FNDA:16,(anonymous_4)
DA:1,1
DA:3,1
DA:5,1
DA:7,16
DA:9,0
DA:10,16
DA:12,0
DA:13,16
DA:15,15
DA:18,16
DA:19,16
DA:21,14
DA:22,14
DA:24,2
DA:27,14
LF:15
LH:13
BRDA:7,0,0,0
BRDA:7,0,1,16
BRDA:10,1,0,0
BRDA:10,1,1,16
BRDA:13,2,0,15
BRDA:13,2,1,1
BRF:6
BRH:4
end_of_record
TN:
SF:C:\Users\USER3\Desktop\wayfarer\test\bookings.test.js
FN:24,(anonymous_0)
FN:25,(anonymous_1)
FN:30,(anonymous_2)
FNF:3
FNH:3
FNDA:1,(anonymous_0)
FNDA:1,(anonymous_1)
FNDA:1,(anonymous_2)
DA:1,1
DA:2,1
DA:3,1
DA:5,1
DA:8,1
DA:24,1
DA:25,1
DA:26,1
DA:31,1
DA:32,1
DA:33,1
DA:34,1
LF:12
LH:12
BRF:0
BRH:0
end_of_record
TN:
SF:C:\Users\USER3\Desktop\wayfarer\test\fail.test.js
FN:20,(anonymous_0)
FN:21,(anonymous_1)
FN:22,(anonymous_2)
FN:23,(anonymous_3)
FN:24,(anonymous_4)
FN:26,(anonymous_5)
FN:29,(anonymous_6)
FN:32,(anonymous_7)
FN:36,(anonymous_8)
FN:43,(anonymous_9)
FN:50,(anonymous_10)
FN:57,(anonymous_11)
FN:63,(anonymous_12)
FN:68,(anonymous_13)
FN:78,(anonymous_14)
FN:83,(anonymous_15)
FN:89,(anonymous_16)
FN:94,(anonymous_17)
FNF:18
FNH:15
FNDA:1,(anonymous_0)
FNDA:1,(anonymous_1)
FNDA:1,(anonymous_2)
FNDA:1,(anonymous_3)
FNDA:1,(anonymous_4)
FNDA:0,(anonymous_5)
FNDA:0,(anonymous_6)
FNDA:0,(anonymous_7)
FNDA:1,(anonymous_8)
FNDA:1,(anonymous_9)
FNDA:1,(anonymous_10)
FNDA:1,(anonymous_11)
FNDA:1,(anonymous_12)
FNDA:1,(anonymous_13)
FNDA:1,(anonymous_14)
FNDA:1,(anonymous_15)
FNDA:1,(anonymous_16)
FNDA:1,(anonymous_17)
DA:1,1
DA:2,1
DA:5,1
DA:7,1
DA:8,1
DA:9,1
DA:11,1
DA:12,1
DA:13,1
DA:14,1
DA:15,1
DA:20,1
DA:21,1
DA:22,1
DA:23,1
DA:24,1
DA:25,1
DA:27,0
DA:30,0
DA:33,0
DA:36,1
DA:37,1
DA:44,1
DA:45,1
DA:46,1
DA:50,1
DA:51,1
DA:58,1
DA:59,1
DA:63,1
DA:64,1
DA:69,1
DA:70,1
DA:71,1
DA:72,1
DA:73,1
DA:74,1
DA:78,1
DA:79,1
DA:84,1
DA:85,1
DA:86,1
DA:89,1
DA:90,1
DA:95,1
DA:96,1
DA:97,1
LF:47
LH:44
BRF:0
BRH:0
end_of_record
TN:
SF:C:\Users\USER3\Desktop\wayfarer\test\jwt.test.js
FNF:0
FNH:0
DA:2,1
DA:3,1
DA:10,1
LF:3
LH:3
BRF:0
BRH:0
end_of_record
TN:
SF:C:\Users\USER3\Desktop\wayfarer\test\test.js
FN:26,(anonymous_0)
FN:27,(anonymous_1)
FN:33,(anonymous_2)
FN:34,(anonymous_3)
FN:35,(anonymous_4)
FN:36,(anonymous_5)
FN:37,(anonymous_6)
FN:38,(anonymous_7)
FN:40,(anonymous_8)
FN:43,(anonymous_9)
FN:46,(anonymous_10)
FN:50,(anonymous_11)
FN:57,(anonymous_12)
FN:63,(anonymous_13)
FN:70,(anonymous_14)
FN:79,(anonymous_15)
FN:86,(anonymous_16)
FN:93,(anonymous_17)
FN:100,(anonymous_18)
FN:107,(anonymous_19)
FN:114,(anonymous_20)
FN:119,(anonymous_21)
FN:126,(anonymous_22)
FN:133,(anonymous_23)
FN:140,(anonymous_24)
FN:147,(anonymous_25)
FN:154,(anonymous_26)
FN:163,(anonymous_27)
FN:164,(anonymous_28)
FN:168,(anonymous_29)
FN:177,(anonymous_30)
FN:178,(anonymous_31)
FN:183,(anonymous_32)
FN:192,(anonymous_33)
FN:197,(anonymous_34)
FN:204,(anonymous_35)
FN:205,(anonymous_36)
FN:206,(anonymous_37)
FN:208,(anonymous_38)
FN:212,(anonymous_39)
FN:224,(anonymous_40)
FN:230,(anonymous_41)
FN:242,(anonymous_42)
FN:248,(anonymous_43)
FN:249,(anonymous_44)
FN:262,(anonymous_45)
FN:268,(anonymous_46)
FN:281,(anonymous_47)
FN:288,(anonymous_48)
FN:293,(anonymous_49)
FN:301,(anonymous_50)
FN:307,(anonymous_51)
FN:314,(anonymous_52)
FN:320,(anonymous_53)
FN:329,(anonymous_54)
FN:334,(anonymous_55)
FN:340,(anonymous_56)
FN:345,(anonymous_57)
FN:351,(anonymous_58)
FN:357,(anonymous_59)
FN:363,(anonymous_60)
FN:368,(anonymous_61)
FN:375,(anonymous_62)
FN:376,(anonymous_63)
FN:380,(anonymous_64)
FNF:65
FNH:61
FNDA:1,(anonymous_0)
FNDA:1,(anonymous_1)
FNDA:1,(anonymous_2)
FNDA:1,(anonymous_3)
FNDA:1,(anonymous_4)
FNDA:1,(anonymous_5)
FNDA:1,(anonymous_6)
FNDA:1,(anonymous_7)
FNDA:0,(anonymous_8)
FNDA:0,(anonymous_9)
FNDA:0,(anonymous_10)
FNDA:1,(anonymous_11)
FNDA:1,(anonymous_12)
FNDA:1,(anonymous_13)
FNDA:1,(anonymous_14)
FNDA:1,(anonymous_15)
FNDA:1,(anonymous_16)
FNDA:1,(anonymous_17)
FNDA:1,(anonymous_18)
FNDA:1,(anonymous_19)
FNDA:1,(anonymous_20)
FNDA:1,(anonymous_21)
FNDA:1,(anonymous_22)
FNDA:1,(anonymous_23)
FNDA:1,(anonymous_24)
FNDA:1,(anonymous_25)
FNDA:1,(anonymous_26)
FNDA:1,(anonymous_27)
FNDA:1,(anonymous_28)
FNDA:1,(anonymous_29)
FNDA:1,(anonymous_30)
FNDA:1,(anonymous_31)
FNDA:1,(anonymous_32)
FNDA:1,(anonymous_33)
FNDA:1,(anonymous_34)
FNDA:1,(anonymous_35)
FNDA:1,(anonymous_36)
FNDA:1,(anonymous_37)
FNDA:0,(anonymous_38)
FNDA:1,(anonymous_39)
FNDA:1,(anonymous_40)
FNDA:1,(anonymous_41)
FNDA:1,(anonymous_42)
FNDA:1,(anonymous_43)
FNDA:1,(anonymous_44)
FNDA:1,(anonymous_45)
FNDA:1,(anonymous_46)
FNDA:1,(anonymous_47)
FNDA:1,(anonymous_48)
FNDA:1,(anonymous_49)
FNDA:1,(anonymous_50)
FNDA:1,(anonymous_51)
FNDA:1,(anonymous_52)
FNDA:1,(anonymous_53)
FNDA:1,(anonymous_54)
FNDA:1,(anonymous_55)
FNDA:1,(anonymous_56)
FNDA:1,(anonymous_57)
FNDA:1,(anonymous_58)
FNDA:1,(anonymous_59)
FNDA:1,(anonymous_60)
FNDA:1,(anonymous_61)
FNDA:1,(anonymous_62)
FNDA:1,(anonymous_63)
FNDA:1,(anonymous_64)
DA:2,1
DA:3,1
DA:6,1
DA:8,1
DA:9,1
DA:10,1
DA:12,1
DA:13,1
DA:14,1
DA:15,1
DA:16,1
DA:17,1
DA:26,1
DA:27,1
DA:28,1
DA:33,1
DA:34,1
DA:35,1
DA:36,1
DA:37,1
DA:38,1
DA:39,1
DA:41,0
DA:44,0
DA:47,0
DA:50,1
DA:51,1
DA:58,1
DA:59,1
DA:60,1
DA:63,1
DA:64,1
DA:71,1
DA:72,1
DA:73,1
DA:74,1
DA:79,1
DA:80,1
DA:87,1
DA:88,1
DA:89,1
DA:90,1
DA:93,1
DA:94,1
DA:101,1
DA:102,1
DA:103,1
DA:104,1
DA:107,1
DA:108,1
DA:115,1
DA:116,1
DA:119,1
DA:120,1
DA:127,1
DA:128,1
DA:129,1
DA:130,1
DA:133,1
DA:134,1
DA:141,1
DA:142,1
DA:143,1
DA:144,1
DA:147,1
DA:148,1
DA:155,1
DA:156,1
DA:157,1
DA:158,1
DA:163,1
DA:164,1
DA:165,1
DA:169,1
DA:170,1
DA:171,1
DA:172,1
DA:177,1
DA:178,1
DA:179,1
DA:184,1
DA:185,1
DA:186,1
DA:187,1
DA:188,1
DA:192,1
DA:193,1
DA:198,1
DA:199,1
DA:204,1
DA:205,1
DA:206,1
DA:207,1
DA:209,0
DA:212,1
DA:213,1
DA:225,1
DA:226,1
DA:227,1
DA:230,1
DA:231,1
DA:243,1
DA:244,1
DA:248,1
DA:249,1
DA:250,1
DA:263,1
DA:264,1
DA:265,1
DA:268,1
DA:269,1
DA:282,1
DA:283,1
DA:284,1
DA:285,1
DA:288,1
DA:289,1
DA:294,1
DA:295,1
DA:296,1
DA:297,1
DA:301,1
DA:302,1
DA:308,1
DA:309,1
DA:310,1
DA:314,1
DA:315,1
DA:321,1
DA:322,1
DA:323,1
DA:324,1
DA:329,1
DA:330,1
DA:335,1
DA:336,1
DA:340,1
DA:341,1
DA:346,1
DA:347,1
DA:351,1
DA:352,1
DA:358,1
DA:359,1
DA:363,1
DA:364,1
DA:369,1
DA:370,1
DA:375,1
DA:376,1
DA:377,1
DA:381,1
DA:382,1
LF:153
LH:149
BRF:0
BRH:0
end_of_record
